0 info it worked if it ends with ok
1 verbose cli [ '/usr/local/Cellar/node/6.2.1/bin/node',
1 verbose cli   '/Users/Brian/.npm-global-packages/bin/npm',
1 verbose cli   'run',
1 verbose cli   'dev' ]
2 info using npm@3.9.5
3 info using node@v6.2.1
4 verbose run-script [ 'predev', 'dev', 'postdev' ]
5 info lifecycle voting-client@1.0.0~predev: voting-client@1.0.0
6 silly lifecycle voting-client@1.0.0~predev: no script for predev, continuing
7 info lifecycle voting-client@1.0.0~dev: voting-client@1.0.0
8 verbose lifecycle voting-client@1.0.0~dev: unsafe-perm in lifecycle true
9 verbose lifecycle voting-client@1.0.0~dev: PATH: /Users/Brian/.npm-global-packages/lib/node_modules/npm/bin/node-gyp-bin:/Users/Brian/Desktop/bitmaker/projects/voting-app/voting-client/node_modules/.bin:/usr/local/Cellar/node/6.2.1/bin:/Users/Brian/.npm-packages/bin:/Users/Brian/.npm-global-packages/bin:/usr/local/mysql/bin:/Users/Brian/.bin:/Users/Brian/.npm-global-packages/bin:/Users/Brian/local/node/bin:/usr/local/bin:/Users/Brian/.rbenv/shims:/usr/local/bin:/usr/bin:/bin:/usr/sbin:/sbin:/Applications/Postgres.app/Contents/Versions/9.4/bin:/Applications/Postgres.app/Contents/Versions/9.4/bin:/Applications/Postgres.app/Contents/Versions/9.4/bin:/usr/local/mongodb/bin
10 verbose lifecycle voting-client@1.0.0~dev: CWD: /Users/Brian/Desktop/bitmaker/projects/voting-app/voting-client
11 silly lifecycle voting-client@1.0.0~dev: Args: [ '-c', 'webpack-dev-server' ]
12 silly lifecycle voting-client@1.0.0~dev: Returned: code: 1  signal: null
13 info lifecycle voting-client@1.0.0~dev: Failed to exec dev script
14 verbose stack Error: voting-client@1.0.0 dev: `webpack-dev-server`
14 verbose stack Exit status 1
14 verbose stack     at EventEmitter.<anonymous> (/Users/Brian/.npm-global-packages/lib/node_modules/npm/lib/utils/lifecycle.js:245:16)
14 verbose stack     at emitTwo (events.js:106:13)
14 verbose stack     at EventEmitter.emit (events.js:191:7)
14 verbose stack     at ChildProcess.<anonymous> (/Users/Brian/.npm-global-packages/lib/node_modules/npm/lib/utils/spawn.js:24:14)
14 verbose stack     at emitTwo (events.js:106:13)
14 verbose stack     at ChildProcess.emit (events.js:191:7)
14 verbose stack     at maybeClose (internal/child_process.js:852:16)
14 verbose stack     at Process.ChildProcess._handle.onexit (internal/child_process.js:215:5)
15 verbose pkgid voting-client@1.0.0
16 verbose cwd /Users/Brian/Desktop/bitmaker/projects/voting-app/voting-client
17 error Darwin 15.6.0
18 error argv "/usr/local/Cellar/node/6.2.1/bin/node" "/Users/Brian/.npm-global-packages/bin/npm" "run" "dev"
19 error node v6.2.1
20 error npm  v3.9.5
21 error code ELIFECYCLE
22 error voting-client@1.0.0 dev: `webpack-dev-server`
22 error Exit status 1
23 error Failed at the voting-client@1.0.0 dev script 'webpack-dev-server'.
23 error Make sure you have the latest version of node.js and npm installed.
23 error If you do, this is most likely a problem with the voting-client package,
23 error not with npm itself.
23 error Tell the author that this fails on your system:
23 error     webpack-dev-server
23 error You can get information on how to open an issue for this project with:
23 error     npm bugs voting-client
23 error Or if that isn't available, you can get their info via:
23 error     npm owner ls voting-client
23 error There is likely additional logging output above.
24 verbose exit [ 1, true ]
